[0.045s] Invoking command in '/home/cat/ros2_humble_ws/build/robot_core': CMAKE_PREFIX_PATH=${CMAKE_PREFIX_PATH}:/opt/ros/humble /usr/bin/cmake --build /home/cat/ros2_humble_ws/build/robot_core -- -j8 -l8
[0.129s] -- Found ament_cmake: 1.3.12 (/opt/ros/humble/share/ament_cmake/cmake)
[0.591s] -- Override CMake install command with custom implementation using symlinks instead of copying resources
[0.617s] -- Found rclcpp: 16.0.16 (/opt/ros/humble/share/rclcpp/cmake)
[0.703s] -- Found rosidl_generator_c: 3.1.7 (/opt/ros/humble/share/rosidl_generator_c/cmake)
[0.711s] -- Found rosidl_adapter: 3.1.7 (/opt/ros/humble/share/rosidl_adapter/cmake)
[0.728s] -- Found rosidl_generator_cpp: 3.1.7 (/opt/ros/humble/share/rosidl_generator_cpp/cmake)
[0.760s] -- Using all available rosidl_typesupport_c: rosidl_typesupport_fastrtps_c;rosidl_typesupport_introspection_c
[0.802s] -- Using all available rosidl_typesupport_cpp: rosidl_typesupport_fastrtps_cpp;rosidl_typesupport_introspection_cpp
[0.898s] -- Found rmw_implementation_cmake: 6.1.2 (/opt/ros/humble/share/rmw_implementation_cmake/cmake)
[0.902s] -- Found rmw_fastrtps_cpp: 6.2.9 (/opt/ros/humble/share/rmw_fastrtps_cpp/cmake)
[1.138s] -- Using RMW implementation 'rmw_fastrtps_cpp' as default
[1.306s] -- Found ament_lint_auto: 0.12.14 (/opt/ros/humble/share/ament_lint_auto/cmake)
[1.587s] -- Added test 'cppcheck' to perform static code analysis on C / C++ code
[1.588s] -- Configured cppcheck include dirs: $<BUILD_INTERFACE:/home/cat/ros2_humble_ws/src/robot_core/include>
[1.588s] -- Configured cppcheck exclude dirs and/or files: 
[1.589s] -- Added test 'lint_cmake' to check CMake code style
[1.591s] -- Added test 'uncrustify' to check C / C++ code style
[1.592s] -- Configured uncrustify additional arguments: 
[1.592s] -- Added test 'xmllint' to check XML markup files
[1.594s] -- Configuring done
[1.629s] -- Generating done
[1.647s] -- Build files have been written to: /home/cat/ros2_humble_ws/build/robot_core
[1.725s] [35m[1mConsolidate compiler generated dependencies of target robot_controller[0m
[1.732s] [35m[1mConsolidate compiler generated dependencies of target can_interface[0m
[1.767s] [ 50%] Built target robot_controller
[1.778s] [ 75%] [32mBuilding CXX object CMakeFiles/can_interface.dir/src/can_interface.cpp.o[0m
[12.082s] [100%] [32m[1mLinking CXX executable can_interface[0m
[12.479s] /usr/bin/ld: /usr/lib/gcc/aarch64-linux-gnu/11/../../../aarch64-linux-gnu/Scrt1.o: in function `_start':
[12.479s] (.text+0x1c): undefined reference to `main'
[12.480s] /usr/bin/ld: (.text+0x20): undefined reference to `main'
[12.495s] collect2: error: ld returned 1 exit status
[12.501s] gmake[2]: *** [CMakeFiles/can_interface.dir/build.make:159: can_interface] Error 1
[12.502s] gmake[1]: *** [CMakeFiles/Makefile2:165: CMakeFiles/can_interface.dir/all] Error 2
[12.503s] gmake: *** [Makefile:146: all] Error 2
[12.514s] Invoked command in '/home/cat/ros2_humble_ws/build/robot_core' returned '2': CMAKE_PREFIX_PATH=${CMAKE_PREFIX_PATH}:/opt/ros/humble /usr/bin/cmake --build /home/cat/ros2_humble_ws/build/robot_core -- -j8 -l8
