[0.063s] Invoking command in '/home/cat/ros2_humble_ws/build/robot_core': CMAKE_PREFIX_PATH=${CMAKE_PREFIX_PATH}:/opt/ros/humble /usr/bin/cmake --build /home/cat/ros2_humble_ws/build/robot_core -- -j8 -l8
[0.231s] Invoked command in '/home/cat/ros2_humble_ws/build/robot_core' returned '0': CMAKE_PREFIX_PATH=${CMAKE_PREFIX_PATH}:/opt/ros/humble /usr/bin/cmake --build /home/cat/ros2_humble_ws/build/robot_core -- -j8 -l8
[0.272s] Invoking command in '/home/cat/ros2_humble_ws/build/robot_core': CMAKE_PREFIX_PATH=${CMAKE_PREFIX_PATH}:/opt/ros/humble /usr/bin/cmake --install /home/cat/ros2_humble_ws/build/robot_core
[0.296s] -- Install configuration: ""
[0.297s] -- Up-to-date: /home/cat/ros2_humble_ws/install/robot_core/share/ament_index/resource_index/package_run_dependencies/robot_core
[0.298s] -- Up-to-date: /home/cat/ros2_humble_ws/install/robot_core/share/ament_index/resource_index/parent_prefix_path/robot_core
[0.304s] -- Up-to-date: /home/cat/ros2_humble_ws/install/robot_core/share/robot_core/environment/ament_prefix_path.sh
[0.305s] -- Up-to-date: /home/cat/ros2_humble_ws/install/robot_core/share/robot_core/environment/ament_prefix_path.dsv
[0.308s] -- Up-to-date: /home/cat/ros2_humble_ws/install/robot_core/share/robot_core/environment/path.sh
[0.310s] -- Up-to-date: /home/cat/ros2_humble_ws/install/robot_core/share/robot_core/environment/path.dsv
[0.311s] -- Up-to-date: /home/cat/ros2_humble_ws/install/robot_core/share/robot_core/local_setup.bash
[0.312s] -- Up-to-date: /home/cat/ros2_humble_ws/install/robot_core/share/robot_core/local_setup.sh
[0.313s] -- Up-to-date: /home/cat/ros2_humble_ws/install/robot_core/share/robot_core/local_setup.zsh
[0.313s] -- Up-to-date: /home/cat/ros2_humble_ws/install/robot_core/share/robot_core/local_setup.dsv
[0.314s] -- Installing: /home/cat/ros2_humble_ws/install/robot_core/share/robot_core/package.dsv
[0.315s] -- Up-to-date: /home/cat/ros2_humble_ws/install/robot_core/share/ament_index/resource_index/packages/robot_core
[0.316s] -- Up-to-date: /home/cat/ros2_humble_ws/install/robot_core/share/robot_core/cmake/robot_coreConfig.cmake
[0.317s] -- Up-to-date: /home/cat/ros2_humble_ws/install/robot_core/share/robot_core/cmake/robot_coreConfig-version.cmake
[0.318s] -- Up-to-date: /home/cat/ros2_humble_ws/install/robot_core/share/robot_core/package.xml
[0.328s] Invoked command in '/home/cat/ros2_humble_ws/build/robot_core' returned '0': CMAKE_PREFIX_PATH=${CMAKE_PREFIX_PATH}:/opt/ros/humble /usr/bin/cmake --install /home/cat/ros2_humble_ws/build/robot_core
