[0.030s] Invoking command in '/home/cat/ros2_humble_ws/build/robot_core': CMAKE_PREFIX_PATH=${CMAKE_PREFIX_PATH}:/opt/ros/humble /usr/bin/cmake /home/cat/ros2_humble_ws/src/robot_core -DAMENT_CMAKE_SYMLINK_INSTALL=1 -DCMAKE_INSTALL_PREFIX=/home/cat/ros2_humble_ws/install/robot_core
[0.087s] -- Found ament_cmake: 1.3.12 (/opt/ros/humble/share/ament_cmake/cmake)
[0.534s] -- Override CMake install command with custom implementation using symlinks instead of copying resources
[0.572s] -- Found ament_lint_auto: 0.12.14 (/opt/ros/humble/share/ament_lint_auto/cmake)
[0.846s] -- Added test 'cppcheck' to perform static code analysis on C / C++ code
[0.846s] -- Configured cppcheck include dirs: 
[0.847s] -- Configured cppcheck exclude dirs and/or files: 
[0.849s] -- Added test 'flake8' to check Python code syntax and style conventions
[0.855s] -- Added test 'lint_cmake' to check CMake code style
[0.859s] -- Added test 'pep257' to check Python code against some of the docstring style conventions in PEP 257
[0.884s] -- Added test 'uncrustify' to check C / C++ code style
[0.885s] -- Configured uncrustify additional arguments: 
[0.890s] -- Added test 'xmllint' to check XML markup files
[0.898s] -- Configuring done
[0.923s] -- Generating done
[0.929s] -- Build files have been written to: /home/cat/ros2_humble_ws/build/robot_core
[0.938s] Invoked command in '/home/cat/ros2_humble_ws/build/robot_core' returned '0': CMAKE_PREFIX_PATH=${CMAKE_PREFIX_PATH}:/opt/ros/humble /usr/bin/cmake /home/cat/ros2_humble_ws/src/robot_core -DAMENT_CMAKE_SYMLINK_INSTALL=1 -DCMAKE_INSTALL_PREFIX=/home/cat/ros2_humble_ws/install/robot_core
[0.944s] Invoking command in '/home/cat/ros2_humble_ws/build/robot_core': CMAKE_PREFIX_PATH=${CMAKE_PREFIX_PATH}:/opt/ros/humble /usr/bin/cmake --build /home/cat/ros2_humble_ws/build/robot_core -- -j8 -l8
[1.074s] Invoked command in '/home/cat/ros2_humble_ws/build/robot_core' returned '0': CMAKE_PREFIX_PATH=${CMAKE_PREFIX_PATH}:/opt/ros/humble /usr/bin/cmake --build /home/cat/ros2_humble_ws/build/robot_core -- -j8 -l8
[1.103s] Invoking command in '/home/cat/ros2_humble_ws/build/robot_core': CMAKE_PREFIX_PATH=${CMAKE_PREFIX_PATH}:/opt/ros/humble /usr/bin/cmake --install /home/cat/ros2_humble_ws/build/robot_core
[1.119s] -- Install configuration: ""
[1.121s] -- Execute custom install script
[1.121s] -- Symlinking: /home/cat/ros2_humble_ws/install/robot_core/share/ament_index/resource_index/package_run_dependencies/robot_core
[1.153s] -- Symlinking: /home/cat/ros2_humble_ws/install/robot_core/share/ament_index/resource_index/parent_prefix_path/robot_core
[1.185s] -- Symlinking: /home/cat/ros2_humble_ws/install/robot_core/share/robot_core/environment/ament_prefix_path.sh
[1.214s] -- Symlinking: /home/cat/ros2_humble_ws/install/robot_core/share/robot_core/environment/ament_prefix_path.dsv
[1.244s] -- Symlinking: /home/cat/ros2_humble_ws/install/robot_core/share/robot_core/environment/path.sh
[1.272s] -- Symlinking: /home/cat/ros2_humble_ws/install/robot_core/share/robot_core/environment/path.dsv
[1.301s] -- Symlinking: /home/cat/ros2_humble_ws/install/robot_core/share/robot_core/local_setup.bash
[1.330s] -- Symlinking: /home/cat/ros2_humble_ws/install/robot_core/share/robot_core/local_setup.sh
[1.361s] -- Symlinking: /home/cat/ros2_humble_ws/install/robot_core/share/robot_core/local_setup.zsh
[1.390s] -- Symlinking: /home/cat/ros2_humble_ws/install/robot_core/share/robot_core/local_setup.dsv
[1.419s] -- Symlinking: /home/cat/ros2_humble_ws/install/robot_core/share/robot_core/package.dsv
[1.450s] -- Symlinking: /home/cat/ros2_humble_ws/install/robot_core/share/ament_index/resource_index/packages/robot_core
[1.479s] -- Symlinking: /home/cat/ros2_humble_ws/install/robot_core/share/robot_core/cmake/robot_coreConfig.cmake
[1.509s] -- Symlinking: /home/cat/ros2_humble_ws/install/robot_core/share/robot_core/cmake/robot_coreConfig-version.cmake
[1.539s] -- Symlinking: /home/cat/ros2_humble_ws/install/robot_core/share/robot_core/package.xml
[1.580s] Invoked command in '/home/cat/ros2_humble_ws/build/robot_core' returned '0': CMAKE_PREFIX_PATH=${CMAKE_PREFIX_PATH}:/opt/ros/humble /usr/bin/cmake --install /home/cat/ros2_humble_ws/build/robot_core
