-- The C compiler identification is GNU 11.4.0
-- The CXX compiler identification is GNU 11.4.0
-- Detecting C compiler ABI info
-- Detecting C compiler ABI info - done
-- Check for working C compiler: /usr/bin/cc - skipped
-- Detecting C compile features
-- Detecting C compile features - done
-- Detecting CXX compiler ABI info
-- Detecting CXX compiler ABI info - done
-- Check for working CXX compiler: /usr/bin/c++ - skipped
-- Detecting CXX compile features
-- Detecting CXX compile features - done
-- Found ament_cmake: 1.3.12 (/opt/ros/humble/share/ament_cmake/cmake)
-- Found Python3: /usr/bin/python3 (found version "3.10.12") found components: Interpreter 
-- Found ament_lint_auto: 0.12.14 (/opt/ros/humble/share/ament_lint_auto/cmake)
-- Added test 'cppcheck' to perform static code analysis on C / C++ code
-- Configured cppcheck include dirs: 
-- Configured cppcheck exclude dirs and/or files: 
-- Added test 'lint_cmake' to check CMake code style
-- Added test 'uncrustify' to check C / C++ code style
-- Configured uncrustify additional arguments: 
-- Added test 'xmllint' to check XML markup files
-- Configuring done
-- Generating done
-- Build files have been written to: /home/cat/ros2_humble_ws/build/robot_core
-- Install configuration: ""
-- Installing: /home/cat/ros2_humble_ws/install/robot_core/share/ament_index/resource_index/package_run_dependencies/robot_core
-- Installing: /home/cat/ros2_humble_ws/install/robot_core/share/ament_index/resource_index/parent_prefix_path/robot_core
-- Installing: /home/cat/ros2_humble_ws/install/robot_core/share/robot_core/environment/ament_prefix_path.sh
-- Installing: /home/cat/ros2_humble_ws/install/robot_core/share/robot_core/environment/ament_prefix_path.dsv
-- Installing: /home/cat/ros2_humble_ws/install/robot_core/share/robot_core/environment/path.sh
-- Installing: /home/cat/ros2_humble_ws/install/robot_core/share/robot_core/environment/path.dsv
-- Installing: /home/cat/ros2_humble_ws/install/robot_core/share/robot_core/local_setup.bash
-- Installing: /home/cat/ros2_humble_ws/install/robot_core/share/robot_core/local_setup.sh
-- Installing: /home/cat/ros2_humble_ws/install/robot_core/share/robot_core/local_setup.zsh
-- Installing: /home/cat/ros2_humble_ws/install/robot_core/share/robot_core/local_setup.dsv
-- Installing: /home/cat/ros2_humble_ws/install/robot_core/share/robot_core/package.dsv
-- Installing: /home/cat/ros2_humble_ws/install/robot_core/share/ament_index/resource_index/packages/robot_core
-- Installing: /home/cat/ros2_humble_ws/install/robot_core/share/robot_core/cmake/robot_coreConfig.cmake
-- Installing: /home/cat/ros2_humble_ws/install/robot_core/share/robot_core/cmake/robot_coreConfig-version.cmake
-- Installing: /home/cat/ros2_humble_ws/install/robot_core/share/robot_core/package.xml
