[0.034s] Invoking command in '/home/cat/ros2_humble_ws/build/robot_core': CMAKE_PREFIX_PATH=/opt/ros/humble /usr/bin/cmake /home/cat/ros2_humble_ws/src/robot_core -DCMAKE_INSTALL_PREFIX=/home/cat/ros2_humble_ws/install/robot_core
[0.568s] -- The C compiler identification is GNU 11.4.0
[0.857s] -- The CXX compiler identification is GNU 11.4.0
[0.921s] -- Detecting C compiler ABI info
[1.276s] -- Detecting C compiler ABI info - done
[1.350s] -- Check for working C compiler: /usr/bin/cc - skipped
[1.352s] -- Detecting C compile features
[1.356s] -- Detecting C compile features - done
[1.380s] -- Detecting CXX compiler ABI info
[1.710s] -- Detecting CXX compiler ABI info - done
[1.767s] -- Check for working CXX compiler: /usr/bin/c++ - skipped
[1.769s] -- Detecting CXX compile features
[1.771s] -- Detecting CXX compile features - done
[1.785s] -- Found ament_cmake: 1.3.12 (/opt/ros/humble/share/ament_cmake/cmake)
[2.400s] -- Found Python3: /usr/bin/python3 (found version "3.10.12") found components: Interpreter 
[2.849s] -- Found ament_lint_auto: 0.12.14 (/opt/ros/humble/share/ament_lint_auto/cmake)
[3.204s] -- Added test 'cppcheck' to perform static code analysis on C / C++ code
[3.206s] -- Configured cppcheck include dirs: 
[3.207s] -- Configured cppcheck exclude dirs and/or files: 
[3.213s] -- Added test 'lint_cmake' to check CMake code style
[3.221s] -- Added test 'uncrustify' to check C / C++ code style
[3.222s] -- Configured uncrustify additional arguments: 
[3.227s] -- Added test 'xmllint' to check XML markup files
[3.237s] -- Configuring done
[3.252s] -- Generating done
[3.260s] -- Build files have been written to: /home/cat/ros2_humble_ws/build/robot_core
[3.279s] Invoked command in '/home/cat/ros2_humble_ws/build/robot_core' returned '0': CMAKE_PREFIX_PATH=/opt/ros/humble /usr/bin/cmake /home/cat/ros2_humble_ws/src/robot_core -DCMAKE_INSTALL_PREFIX=/home/cat/ros2_humble_ws/install/robot_core
[3.292s] Invoking command in '/home/cat/ros2_humble_ws/build/robot_core': CMAKE_PREFIX_PATH=/opt/ros/humble /usr/bin/cmake --build /home/cat/ros2_humble_ws/build/robot_core -- -j8 -l8
[3.450s] Invoked command in '/home/cat/ros2_humble_ws/build/robot_core' returned '0': CMAKE_PREFIX_PATH=/opt/ros/humble /usr/bin/cmake --build /home/cat/ros2_humble_ws/build/robot_core -- -j8 -l8
[3.496s] Invoking command in '/home/cat/ros2_humble_ws/build/robot_core': CMAKE_PREFIX_PATH=/opt/ros/humble /usr/bin/cmake --install /home/cat/ros2_humble_ws/build/robot_core
[3.520s] -- Install configuration: ""
[3.525s] -- Installing: /home/cat/ros2_humble_ws/install/robot_core/share/ament_index/resource_index/package_run_dependencies/robot_core
[3.526s] -- Installing: /home/cat/ros2_humble_ws/install/robot_core/share/ament_index/resource_index/parent_prefix_path/robot_core
[3.527s] -- Installing: /home/cat/ros2_humble_ws/install/robot_core/share/robot_core/environment/ament_prefix_path.sh
[3.535s] -- Installing: /home/cat/ros2_humble_ws/install/robot_core/share/robot_core/environment/ament_prefix_path.dsv
[3.556s] -- Installing: /home/cat/ros2_humble_ws/install/robot_core/share/robot_core/environment/path.sh
[3.562s] -- Installing: /home/cat/ros2_humble_ws/install/robot_core/share/robot_core/environment/path.dsv
[3.566s] -- Installing: /home/cat/ros2_humble_ws/install/robot_core/share/robot_core/local_setup.bash
[3.568s] -- Installing: /home/cat/ros2_humble_ws/install/robot_core/share/robot_core/local_setup.sh
[3.570s] -- Installing: /home/cat/ros2_humble_ws/install/robot_core/share/robot_core/local_setup.zsh
[3.572s] -- Installing: /home/cat/ros2_humble_ws/install/robot_core/share/robot_core/local_setup.dsv
[3.577s] -- Installing: /home/cat/ros2_humble_ws/install/robot_core/share/robot_core/package.dsv
[3.579s] -- Installing: /home/cat/ros2_humble_ws/install/robot_core/share/ament_index/resource_index/packages/robot_core
[3.581s] -- Installing: /home/cat/ros2_humble_ws/install/robot_core/share/robot_core/cmake/robot_coreConfig.cmake
[3.582s] -- Installing: /home/cat/ros2_humble_ws/install/robot_core/share/robot_core/cmake/robot_coreConfig-version.cmake
[3.584s] -- Installing: /home/cat/ros2_humble_ws/install/robot_core/share/robot_core/package.xml
[3.587s] Invoked command in '/home/cat/ros2_humble_ws/build/robot_core' returned '0': CMAKE_PREFIX_PATH=/opt/ros/humble /usr/bin/cmake --install /home/cat/ros2_humble_ws/build/robot_core
