[0.043s] Invoking command in '/home/cat/ros2_humble_ws/build/robot_core': CMAKE_PREFIX_PATH=${CMAKE_PREFIX_PATH}:/opt/ros/humble /usr/bin/cmake /home/cat/ros2_humble_ws/src/robot_core -DCMAKE_INSTALL_PREFIX=/home/cat/ros2_humble_ws/install/robot_core
[0.077s] -- Found ament_cmake: 1.3.12 (/opt/ros/humble/share/ament_cmake/cmake)
[0.570s] -- Override CMake install command with custom implementation using symlinks instead of copying resources
[0.595s] -- Found rclcpp: 16.0.16 (/opt/ros/humble/share/rclcpp/cmake)
[0.701s] -- Found rosidl_generator_c: 3.1.7 (/opt/ros/humble/share/rosidl_generator_c/cmake)
[0.714s] -- Found rosidl_adapter: 3.1.7 (/opt/ros/humble/share/rosidl_adapter/cmake)
[0.736s] -- Found rosidl_generator_cpp: 3.1.7 (/opt/ros/humble/share/rosidl_generator_cpp/cmake)
[0.771s] -- Using all available rosidl_typesupport_c: rosidl_typesupport_fastrtps_c;rosidl_typesupport_introspection_c
[0.816s] -- Using all available rosidl_typesupport_cpp: rosidl_typesupport_fastrtps_cpp;rosidl_typesupport_introspection_cpp
[0.938s] -- Found rmw_implementation_cmake: 6.1.2 (/opt/ros/humble/share/rmw_implementation_cmake/cmake)
[0.944s] -- Found rmw_fastrtps_cpp: 6.2.9 (/opt/ros/humble/share/rmw_fastrtps_cpp/cmake)
[1.213s] -- Found OpenSSL: /usr/lib/aarch64-linux-gnu/libcrypto.so (found version "3.0.2")  
[1.287s] -- Found FastRTPS: /opt/ros/humble/include  
[1.376s] -- Using RMW implementation 'rmw_fastrtps_cpp' as default
[1.398s] -- Looking for pthread.h
[1.704s] -- Looking for pthread.h - found
[1.705s] -- Performing Test CMAKE_HAVE_LIBC_PTHREAD
[1.973s] -- Performing Test CMAKE_HAVE_LIBC_PTHREAD - Success
[1.977s] -- Found Threads: TRUE  
[2.161s] [31mCMake Error at CMakeLists.txt:14 (find_package):
[2.161s]   By not providing "Findcan_interface.cmake" in CMAKE_MODULE_PATH this
[2.162s]   project has asked CMake to find a package configuration file provided by
[2.162s]   "can_interface", but CMake did not find one.
[2.163s] 
[2.163s]   Could not find a package configuration file provided by "can_interface"
[2.164s]   with any of the following names:
[2.165s] 
[2.166s]     can_interfaceConfig.cmake
[2.167s]     can_interface-config.cmake
[2.168s] 
[2.168s]   Add the installation prefix of "can_interface" to CMAKE_PREFIX_PATH or set
[2.169s]   "can_interface_DIR" to a directory containing one of the above files.  If
[2.169s]   "can_interface" provides a separate development package or SDK, be sure it
[2.170s]   has been installed.
[2.171s] 
[2.171s] [0m
[2.172s] -- Configuring incomplete, errors occurred!
[2.173s] See also "/home/cat/ros2_humble_ws/build/robot_core/CMakeFiles/CMakeOutput.log".
[2.189s] Invoked command in '/home/cat/ros2_humble_ws/build/robot_core' returned '1': CMAKE_PREFIX_PATH=${CMAKE_PREFIX_PATH}:/opt/ros/humble /usr/bin/cmake /home/cat/ros2_humble_ws/src/robot_core -DCMAKE_INSTALL_PREFIX=/home/cat/ros2_humble_ws/install/robot_core
