[0.032s] Invoking command in '/home/cat/ros2_humble_ws/build/robot_core': CMAKE_PREFIX_PATH=${CMAKE_PREFIX_PATH}:/opt/ros/humble /usr/bin/cmake --build /home/cat/ros2_humble_ws/build/robot_core -- -j8 -l8
[0.218s] [35m[1mConsolidate compiler generated dependencies of target can_interface[0m
[0.262s] [100%] Built target robot_controller
[0.263s] [100%] Built target can_interface
[0.306s] Invoked command in '/home/cat/ros2_humble_ws/build/robot_core' returned '0': CMAKE_PREFIX_PATH=${CMAKE_PREFIX_PATH}:/opt/ros/humble /usr/bin/cmake --build /home/cat/ros2_humble_ws/build/robot_core -- -j8 -l8
[0.359s] Invoking command in '/home/cat/ros2_humble_ws/build/robot_core': CMAKE_PREFIX_PATH=${CMAKE_PREFIX_PATH}:/opt/ros/humble /usr/bin/cmake --install /home/cat/ros2_humble_ws/build/robot_core
[0.385s] -- Install configuration: ""
[0.389s] -- Execute custom install script
[0.391s] -- Up-to-date symlink: /home/cat/ros2_humble_ws/install/robot_core/lib/robot_core/robot_controller
[0.392s] -- Up-to-date symlink: /home/cat/ros2_humble_ws/install/robot_core/lib/robot_core/can_interface
[0.393s] -- Up-to-date symlink: /home/cat/ros2_humble_ws/install/robot_core/share/ament_index/resource_index/package_run_dependencies/robot_core
[0.393s] -- Up-to-date symlink: /home/cat/ros2_humble_ws/install/robot_core/share/ament_index/resource_index/parent_prefix_path/robot_core
[0.395s] -- Up-to-date symlink: /home/cat/ros2_humble_ws/install/robot_core/share/robot_core/environment/ament_prefix_path.sh
[0.396s] -- Up-to-date symlink: /home/cat/ros2_humble_ws/install/robot_core/share/robot_core/environment/ament_prefix_path.dsv
[0.397s] -- Up-to-date symlink: /home/cat/ros2_humble_ws/install/robot_core/share/robot_core/environment/path.sh
[0.400s] -- Up-to-date symlink: /home/cat/ros2_humble_ws/install/robot_core/share/robot_core/environment/path.dsv
[0.402s] -- Up-to-date symlink: /home/cat/ros2_humble_ws/install/robot_core/share/robot_core/local_setup.bash
[0.403s] -- Up-to-date symlink: /home/cat/ros2_humble_ws/install/robot_core/share/robot_core/local_setup.sh
[0.408s] -- Up-to-date symlink: /home/cat/ros2_humble_ws/install/robot_core/share/robot_core/local_setup.zsh
[0.410s] -- Up-to-date symlink: /home/cat/ros2_humble_ws/install/robot_core/share/robot_core/local_setup.dsv
[0.411s] -- Symlinking: /home/cat/ros2_humble_ws/install/robot_core/share/robot_core/package.dsv
[0.423s] -- Up-to-date symlink: /home/cat/ros2_humble_ws/install/robot_core/share/ament_index/resource_index/packages/robot_core
[0.424s] -- Up-to-date symlink: /home/cat/ros2_humble_ws/install/robot_core/share/robot_core/cmake/robot_coreConfig.cmake
[0.424s] -- Up-to-date symlink: /home/cat/ros2_humble_ws/install/robot_core/share/robot_core/cmake/robot_coreConfig-version.cmake
[0.425s] -- Up-to-date symlink: /home/cat/ros2_humble_ws/install/robot_core/share/robot_core/package.xml
[0.433s] Invoked command in '/home/cat/ros2_humble_ws/build/robot_core' returned '0': CMAKE_PREFIX_PATH=${CMAKE_PREFIX_PATH}:/opt/ros/humble /usr/bin/cmake --install /home/cat/ros2_humble_ws/build/robot_core
