[0.432s] DEBUG:colcon:Command line arguments: ['/usr/bin/colcon', 'list', '-p', '--base-paths', '/home/cat/ros2_humble_ws']
[0.432s] DEBUG:colcon:Parsed command line arguments: Namespace(log_base=None, log_level=None, verb_name='list', build_base='build', ignore_user_meta=False, metas=['./colcon.meta'], base_paths=['/home/cat/ros2_humble_ws'], packages_ignore=None, packages_ignore_regex=None, paths=None, packages_up_to=None, packages_up_to_regex=None, packages_above=None, packages_above_and_dependencies=None, packages_above_depth=None, packages_select_by_dep=None, packages_skip_by_dep=None, packages_skip_up_to=None, packages_select_build_failed=False, packages_skip_build_finished=False, packages_select_test_failures=False, packages_skip_test_passed=False, packages_select=None, packages_skip=None, packages_select_regex=None, packages_skip_regex=None, packages_start=None, packages_end=None, allow_overriding=[], topological_order=False, names_only=False, paths_only=True, topological_graph=False, topological_graph_dot=False, topological_graph_density=False, topological_graph_legend=False, topological_graph_dot_cluster=False, topological_graph_dot_include_skipped=False, verb_parser=<colcon_defaults.argument_parser.defaults.DefaultArgumentsDecorator object at 0x7f9576b6d0>, verb_extension=<colcon_package_information.verb.list.ListVerb object at 0x7f959bc310>, main=<bound method ListVerb.main of <colcon_package_information.verb.list.ListVerb object at 0x7f959bc310>>)
[1.371s] Level 1:colcon.colcon_core.package_discovery:discover_packages(colcon_meta) check parameters
[1.372s] Level 1:colcon.colcon_core.package_discovery:discover_packages(recursive) check parameters
[1.372s] Level 1:colcon.colcon_core.package_discovery:discover_packages(ignore) check parameters
[1.372s] Level 1:colcon.colcon_core.package_discovery:discover_packages(path) check parameters
[1.373s] Level 1:colcon.colcon_core.package_discovery:discover_packages(recursive) discover
[1.373s] INFO:colcon.colcon_core.package_discovery:Crawling recursively for packages in '/home/cat/ros2_humble_ws'
[1.374s] Level 1:colcon.colcon_core.package_identification:_identify(/home/cat/ros2_humble_ws) by extensions ['ignore', 'ignore_ament_install']
[1.375s] Level 1:colcon.colcon_core.package_identification:_identify(/home/cat/ros2_humble_ws) by extension 'ignore'
[1.375s] Level 1:colcon.colcon_core.package_identification:_identify(/home/cat/ros2_humble_ws) by extension 'ignore_ament_install'
[1.376s] Level 1:colcon.colcon_core.package_identification:_identify(/home/cat/ros2_humble_ws) by extensions ['colcon_pkg']
[1.376s] Level 1:colcon.colcon_core.package_identification:_identify(/home/cat/ros2_humble_ws) by extension 'colcon_pkg'
[1.377s] Level 1:colcon.colcon_core.package_identification:_identify(/home/cat/ros2_humble_ws) by extensions ['colcon_meta']
[1.377s] Level 1:colcon.colcon_core.package_identification:_identify(/home/cat/ros2_humble_ws) by extension 'colcon_meta'
[1.377s] Level 1:colcon.colcon_core.package_identification:_identify(/home/cat/ros2_humble_ws) by extensions ['ros']
[1.378s] Level 1:colcon.colcon_core.package_identification:_identify(/home/cat/ros2_humble_ws) by extension 'ros'
[1.433s] Level 1:colcon.colcon_core.package_identification:_identify(/home/cat/ros2_humble_ws) by extensions ['cmake', 'python']
[1.433s] Level 1:colcon.colcon_core.package_identification:_identify(/home/cat/ros2_humble_ws) by extension 'cmake'
[1.433s] Level 1:colcon.colcon_core.package_identification:_identify(/home/cat/ros2_humble_ws) by extension 'python'
[1.434s] Level 1:colcon.colcon_core.package_identification:_identify(/home/cat/ros2_humble_ws) by extensions ['python_setup_py']
[1.434s] Level 1:colcon.colcon_core.package_identification:_identify(/home/cat/ros2_humble_ws) by extension 'python_setup_py'
[1.435s] Level 1:colcon.colcon_core.package_identification:_identify(/home/cat/ros2_humble_ws/build) by extensions ['ignore', 'ignore_ament_install']
[1.435s] Level 1:colcon.colcon_core.package_identification:_identify(/home/cat/ros2_humble_ws/build) by extension 'ignore'
[1.436s] Level 1:colcon.colcon_core.package_identification:_identify(/home/cat/ros2_humble_ws/build) ignored
[1.437s] Level 1:colcon.colcon_core.package_identification:_identify(/home/cat/ros2_humble_ws/install) by extensions ['ignore', 'ignore_ament_install']
[1.437s] Level 1:colcon.colcon_core.package_identification:_identify(/home/cat/ros2_humble_ws/install) by extension 'ignore'
[1.438s] Level 1:colcon.colcon_core.package_identification:_identify(/home/cat/ros2_humble_ws/install) ignored
[1.438s] Level 1:colcon.colcon_core.package_identification:_identify(/home/cat/ros2_humble_ws/log) by extensions ['ignore', 'ignore_ament_install']
[1.439s] Level 1:colcon.colcon_core.package_identification:_identify(/home/cat/ros2_humble_ws/log) by extension 'ignore'
[1.439s] Level 1:colcon.colcon_core.package_identification:_identify(/home/cat/ros2_humble_ws/log) ignored
[1.440s] Level 1:colcon.colcon_core.package_identification:_identify(/home/cat/ros2_humble_ws/src) by extensions ['ignore', 'ignore_ament_install']
[1.440s] Level 1:colcon.colcon_core.package_identification:_identify(/home/cat/ros2_humble_ws/src) by extension 'ignore'
[1.441s] Level 1:colcon.colcon_core.package_identification:_identify(/home/cat/ros2_humble_ws/src) by extension 'ignore_ament_install'
[1.442s] Level 1:colcon.colcon_core.package_identification:_identify(/home/cat/ros2_humble_ws/src) by extensions ['colcon_pkg']
[1.442s] Level 1:colcon.colcon_core.package_identification:_identify(/home/cat/ros2_humble_ws/src) by extension 'colcon_pkg'
[1.442s] Level 1:colcon.colcon_core.package_identification:_identify(/home/cat/ros2_humble_ws/src) by extensions ['colcon_meta']
[1.442s] Level 1:colcon.colcon_core.package_identification:_identify(/home/cat/ros2_humble_ws/src) by extension 'colcon_meta'
[1.443s] Level 1:colcon.colcon_core.package_identification:_identify(/home/cat/ros2_humble_ws/src) by extensions ['ros']
[1.443s] Level 1:colcon.colcon_core.package_identification:_identify(/home/cat/ros2_humble_ws/src) by extension 'ros'
[1.444s] Level 1:colcon.colcon_core.package_identification:_identify(/home/cat/ros2_humble_ws/src) by extensions ['cmake', 'python']
[1.444s] Level 1:colcon.colcon_core.package_identification:_identify(/home/cat/ros2_humble_ws/src) by extension 'cmake'
[1.445s] Level 1:colcon.colcon_core.package_identification:_identify(/home/cat/ros2_humble_ws/src) by extension 'python'
[1.446s] Level 1:colcon.colcon_core.package_identification:_identify(/home/cat/ros2_humble_ws/src) by extensions ['python_setup_py']
[1.446s] Level 1:colcon.colcon_core.package_identification:_identify(/home/cat/ros2_humble_ws/src) by extension 'python_setup_py'
[1.447s] Level 1:colcon.colcon_core.package_identification:_identify(/home/cat/ros2_humble_ws/src/robot_core) by extensions ['ignore', 'ignore_ament_install']
[1.447s] Level 1:colcon.colcon_core.package_identification:_identify(/home/cat/ros2_humble_ws/src/robot_core) by extension 'ignore'
[1.448s] Level 1:colcon.colcon_core.package_identification:_identify(/home/cat/ros2_humble_ws/src/robot_core) by extension 'ignore_ament_install'
[1.448s] Level 1:colcon.colcon_core.package_identification:_identify(/home/cat/ros2_humble_ws/src/robot_core) by extensions ['colcon_pkg']
[1.449s] Level 1:colcon.colcon_core.package_identification:_identify(/home/cat/ros2_humble_ws/src/robot_core) by extension 'colcon_pkg'
[1.449s] Level 1:colcon.colcon_core.package_identification:_identify(/home/cat/ros2_humble_ws/src/robot_core) by extensions ['colcon_meta']
[1.449s] Level 1:colcon.colcon_core.package_identification:_identify(/home/cat/ros2_humble_ws/src/robot_core) by extension 'colcon_meta'
[1.450s] Level 1:colcon.colcon_core.package_identification:_identify(/home/cat/ros2_humble_ws/src/robot_core) by extensions ['ros']
[1.450s] Level 1:colcon.colcon_core.package_identification:_identify(/home/cat/ros2_humble_ws/src/robot_core) by extension 'ros'
[1.459s] DEBUG:colcon.colcon_core.package_identification:Package '/home/cat/ros2_humble_ws/src/robot_core' with type 'ros.ament_cmake' and name 'robot_core'
[1.459s] Level 1:colcon.colcon_core.package_discovery:discover_packages(recursive) using defaults
