[0.442s] DEBUG:colcon:Command line arguments: ['/usr/bin/colcon', 'build']
[0.443s] DEBUG:colcon:Parsed command line arguments: Namespace(log_base=None, log_level=None, verb_name='build', build_base='build', install_base='install', merge_install=False, symlink_install=False, test_result_base=None, continue_on_error=False, executor='parallel', parallel_workers=8, event_handlers=None, ignore_user_meta=False, metas=['./colcon.meta'], base_paths=['.'], packages_ignore=None, packages_ignore_regex=None, paths=None, packages_up_to=None, packages_up_to_regex=None, packages_above=None, packages_above_and_dependencies=None, packages_above_depth=None, packages_select_by_dep=None, packages_skip_by_dep=None, packages_skip_up_to=None, packages_select_build_failed=False, packages_skip_build_finished=False, packages_select_test_failures=False, packages_skip_test_passed=False, packages_select=None, packages_skip=None, packages_select_regex=None, packages_skip_regex=None, packages_start=None, packages_end=None, allow_overriding=[], cmake_args=None, cmake_target=None, cmake_target_skip_unavailable=False, cmake_clean_cache=False, cmake_clean_first=False, cmake_force_configure=False, ament_cmake_args=None, catkin_cmake_args=None, catkin_skip_building_tests=False, verb_parser=<colcon_defaults.argument_parser.defaults.DefaultArgumentsDecorator object at 0x7fbd43b310>, verb_extension=<colcon_core.verb.build.BuildVerb object at 0x7fbd6287c0>, main=<bound method BuildVerb.main of <colcon_core.verb.build.BuildVerb object at 0x7fbd6287c0>>)
[1.149s] Level 1:colcon.colcon_core.package_discovery:discover_packages(colcon_meta) check parameters
[1.149s] Level 1:colcon.colcon_core.package_discovery:discover_packages(recursive) check parameters
[1.150s] Level 1:colcon.colcon_core.package_discovery:discover_packages(ignore) check parameters
[1.150s] Level 1:colcon.colcon_core.package_discovery:discover_packages(path) check parameters
[1.150s] Level 1:colcon.colcon_core.package_discovery:discover_packages(colcon_meta) discover
[1.150s] Level 1:colcon.colcon_core.package_discovery:discover_packages(recursive) discover
[1.150s] INFO:colcon.colcon_core.package_discovery:Crawling recursively for packages in '/home/cat/ros2_humble_ws'
[1.151s] Level 1:colcon.colcon_core.package_identification:_identify(.) by extensions ['ignore', 'ignore_ament_install']
[1.151s] Level 1:colcon.colcon_core.package_identification:_identify(.) by extension 'ignore'
[1.151s] Level 1:colcon.colcon_core.package_identification:_identify(.) by extension 'ignore_ament_install'
[1.152s] Level 1:colcon.colcon_core.package_identification:_identify(.) by extensions ['colcon_pkg']
[1.152s] Level 1:colcon.colcon_core.package_identification:_identify(.) by extension 'colcon_pkg'
[1.152s] Level 1:colcon.colcon_core.package_identification:_identify(.) by extensions ['colcon_meta']
[1.152s] Level 1:colcon.colcon_core.package_identification:_identify(.) by extension 'colcon_meta'
[1.153s] Level 1:colcon.colcon_core.package_identification:_identify(.) by extensions ['ros']
[1.153s] Level 1:colcon.colcon_core.package_identification:_identify(.) by extension 'ros'
[1.197s] Level 1:colcon.colcon_core.package_identification:_identify(.) by extensions ['cmake', 'python']
[1.198s] Level 1:colcon.colcon_core.package_identification:_identify(.) by extension 'cmake'
[1.198s] Level 1:colcon.colcon_core.package_identification:_identify(.) by extension 'python'
[1.198s] Level 1:colcon.colcon_core.package_identification:_identify(.) by extensions ['python_setup_py']
[1.198s] Level 1:colcon.colcon_core.package_identification:_identify(.) by extension 'python_setup_py'
[1.199s] Level 1:colcon.colcon_core.package_identification:_identify(build) by extensions ['ignore', 'ignore_ament_install']
[1.199s] Level 1:colcon.colcon_core.package_identification:_identify(build) by extension 'ignore'
[1.199s] Level 1:colcon.colcon_core.package_identification:_identify(build) ignored
[1.200s] Level 1:colcon.colcon_core.package_identification:_identify(install) by extensions ['ignore', 'ignore_ament_install']
[1.200s] Level 1:colcon.colcon_core.package_identification:_identify(install) by extension 'ignore'
[1.201s] Level 1:colcon.colcon_core.package_identification:_identify(install) ignored
[1.201s] Level 1:colcon.colcon_core.package_identification:_identify(log) by extensions ['ignore', 'ignore_ament_install']
[1.202s] Level 1:colcon.colcon_core.package_identification:_identify(log) by extension 'ignore'
[1.202s] Level 1:colcon.colcon_core.package_identification:_identify(log) ignored
[1.202s] Level 1:colcon.colcon_core.package_identification:_identify(src) by extensions ['ignore', 'ignore_ament_install']
[1.203s] Level 1:colcon.colcon_core.package_identification:_identify(src) by extension 'ignore'
[1.203s] Level 1:colcon.colcon_core.package_identification:_identify(src) by extension 'ignore_ament_install'
[1.203s] Level 1:colcon.colcon_core.package_identification:_identify(src) by extensions ['colcon_pkg']
[1.203s] Level 1:colcon.colcon_core.package_identification:_identify(src) by extension 'colcon_pkg'
[1.204s] Level 1:colcon.colcon_core.package_identification:_identify(src) by extensions ['colcon_meta']
[1.204s] Level 1:colcon.colcon_core.package_identification:_identify(src) by extension 'colcon_meta'
[1.204s] Level 1:colcon.colcon_core.package_identification:_identify(src) by extensions ['ros']
[1.204s] Level 1:colcon.colcon_core.package_identification:_identify(src) by extension 'ros'
[1.205s] Level 1:colcon.colcon_core.package_identification:_identify(src) by extensions ['cmake', 'python']
[1.205s] Level 1:colcon.colcon_core.package_identification:_identify(src) by extension 'cmake'
[1.205s] Level 1:colcon.colcon_core.package_identification:_identify(src) by extension 'python'
[1.205s] Level 1:colcon.colcon_core.package_identification:_identify(src) by extensions ['python_setup_py']
[1.205s] Level 1:colcon.colcon_core.package_identification:_identify(src) by extension 'python_setup_py'
[1.206s] Level 1:colcon.colcon_core.package_identification:_identify(src/robot_core) by extensions ['ignore', 'ignore_ament_install']
[1.206s] Level 1:colcon.colcon_core.package_identification:_identify(src/robot_core) by extension 'ignore'
[1.207s] Level 1:colcon.colcon_core.package_identification:_identify(src/robot_core) by extension 'ignore_ament_install'
[1.207s] Level 1:colcon.colcon_core.package_identification:_identify(src/robot_core) by extensions ['colcon_pkg']
[1.207s] Level 1:colcon.colcon_core.package_identification:_identify(src/robot_core) by extension 'colcon_pkg'
[1.207s] Level 1:colcon.colcon_core.package_identification:_identify(src/robot_core) by extensions ['colcon_meta']
[1.207s] Level 1:colcon.colcon_core.package_identification:_identify(src/robot_core) by extension 'colcon_meta'
[1.208s] Level 1:colcon.colcon_core.package_identification:_identify(src/robot_core) by extensions ['ros']
[1.208s] Level 1:colcon.colcon_core.package_identification:_identify(src/robot_core) by extension 'ros'
[1.218s] DEBUG:colcon.colcon_core.package_identification:Package 'src/robot_core' with type 'ros.ament_cmake' and name 'robot_core'
[1.218s] Level 1:colcon.colcon_core.package_discovery:discover_packages(recursive) using defaults
[1.218s] Level 1:colcon.colcon_core.package_discovery:discover_packages(ignore) discover
[1.219s] Level 1:colcon.colcon_core.package_discovery:discover_packages(ignore) using defaults
[1.219s] Level 1:colcon.colcon_core.package_discovery:discover_packages(path) discover
[1.219s] Level 1:colcon.colcon_core.package_discovery:discover_packages(path) using defaults
[1.292s] Level 1:colcon.colcon_core.package_discovery:discover_packages(prefix_path) check parameters
[1.292s] Level 1:colcon.colcon_core.package_discovery:discover_packages(prefix_path) discover
[1.299s] DEBUG:colcon.colcon_installed_package_information.package_discovery:Found 1 installed packages in /home/cat/ros2_humble_ws/install
[1.304s] DEBUG:colcon.colcon_installed_package_information.package_discovery:Found 272 installed packages in /opt/ros/humble
[1.313s] Level 1:colcon.colcon_core.package_discovery:discover_packages(prefix_path) using defaults
[1.515s] Level 5:colcon.colcon_core.verb:set package 'robot_core' build argument 'cmake_args' from command line to 'None'
[1.516s] Level 5:colcon.colcon_core.verb:set package 'robot_core' build argument 'cmake_target' from command line to 'None'
[1.516s] Level 5:colcon.colcon_core.verb:set package 'robot_core' build argument 'cmake_target_skip_unavailable' from command line to 'False'
[1.516s] Level 5:colcon.colcon_core.verb:set package 'robot_core' build argument 'cmake_clean_cache' from command line to 'False'
[1.516s] Level 5:colcon.colcon_core.verb:set package 'robot_core' build argument 'cmake_clean_first' from command line to 'False'
[1.516s] Level 5:colcon.colcon_core.verb:set package 'robot_core' build argument 'cmake_force_configure' from command line to 'False'
[1.516s] Level 5:colcon.colcon_core.verb:set package 'robot_core' build argument 'ament_cmake_args' from command line to 'None'
[1.516s] Level 5:colcon.colcon_core.verb:set package 'robot_core' build argument 'catkin_cmake_args' from command line to 'None'
[1.517s] Level 5:colcon.colcon_core.verb:set package 'robot_core' build argument 'catkin_skip_building_tests' from command line to 'False'
[1.517s] DEBUG:colcon.colcon_core.verb:Building package 'robot_core' with the following arguments: {'ament_cmake_args': None, 'build_base': '/home/cat/ros2_humble_ws/build/robot_core', 'catkin_cmake_args': None, 'catkin_skip_building_tests': False, 'cmake_args': None, 'cmake_clean_cache': False, 'cmake_clean_first': False, 'cmake_force_configure': False, 'cmake_target': None, 'cmake_target_skip_unavailable': False, 'install_base': '/home/cat/ros2_humble_ws/install/robot_core', 'merge_install': False, 'path': '/home/cat/ros2_humble_ws/src/robot_core', 'symlink_install': False, 'test_result_base': None}
[1.517s] INFO:colcon.colcon_core.executor:Executing jobs using 'parallel' executor
[1.521s] DEBUG:colcon.colcon_parallel_executor.executor.parallel:run_until_complete
[1.521s] INFO:colcon.colcon_ros.task.ament_cmake.build:Building ROS package in '/home/cat/ros2_humble_ws/src/robot_core' with build type 'ament_cmake'
[1.522s] INFO:colcon.colcon_cmake.task.cmake.build:Building CMake package in '/home/cat/ros2_humble_ws/src/robot_core'
[1.530s] INFO:colcon.colcon_core.plugin_system:Skipping extension 'colcon_core.shell.bat': Not used on non-Windows systems
[1.531s] INFO:colcon.colcon_core.shell:Skip shell extension 'powershell' for command environment: Not usable outside of PowerShell
[1.532s] DEBUG:colcon.colcon_core.shell:Skip shell extension 'dsv' for command environment
[1.564s] DEBUG:colcon.colcon_core.event_handler.log_command:Invoking command in '/home/cat/ros2_humble_ws/build/robot_core': CMAKE_PREFIX_PATH=${CMAKE_PREFIX_PATH}:/opt/ros/humble /usr/bin/cmake --build /home/cat/ros2_humble_ws/build/robot_core -- -j8 -l8
[13.566s] DEBUG:colcon.colcon_core.event_handler.log_command:Invoked command in '/home/cat/ros2_humble_ws/build/robot_core' returned '0': CMAKE_PREFIX_PATH=${CMAKE_PREFIX_PATH}:/opt/ros/humble /usr/bin/cmake --build /home/cat/ros2_humble_ws/build/robot_core -- -j8 -l8
[13.612s] DEBUG:colcon.colcon_core.event_handler.log_command:Invoking command in '/home/cat/ros2_humble_ws/build/robot_core': CMAKE_PREFIX_PATH=${CMAKE_PREFIX_PATH}:/opt/ros/humble /usr/bin/cmake --install /home/cat/ros2_humble_ws/build/robot_core
[13.682s] Level 1:colcon.colcon_core.environment:create_environment_scripts_only(robot_core)
[13.687s] DEBUG:colcon.colcon_core.event_handler.log_command:Invoked command in '/home/cat/ros2_humble_ws/build/robot_core' returned '0': CMAKE_PREFIX_PATH=${CMAKE_PREFIX_PATH}:/opt/ros/humble /usr/bin/cmake --install /home/cat/ros2_humble_ws/build/robot_core
[13.707s] Level 1:colcon.colcon_core.environment:checking '/home/cat/ros2_humble_ws/install/robot_core' for CMake module files
[13.714s] Level 1:colcon.colcon_core.environment:checking '/home/cat/ros2_humble_ws/install/robot_core' for CMake config files
[13.716s] Level 1:colcon.colcon_core.shell:create_environment_hook('robot_core', 'cmake_prefix_path')
[13.718s] INFO:colcon.colcon_core.shell:Creating environment hook '/home/cat/ros2_humble_ws/install/robot_core/share/robot_core/hook/cmake_prefix_path.ps1'
[13.724s] INFO:colcon.colcon_core.shell:Creating environment descriptor '/home/cat/ros2_humble_ws/install/robot_core/share/robot_core/hook/cmake_prefix_path.dsv'
[13.728s] INFO:colcon.colcon_core.shell:Creating environment hook '/home/cat/ros2_humble_ws/install/robot_core/share/robot_core/hook/cmake_prefix_path.sh'
[13.735s] Level 1:colcon.colcon_core.environment:checking '/home/cat/ros2_humble_ws/install/robot_core/lib'
[13.736s] Level 1:colcon.colcon_core.environment:checking '/home/cat/ros2_humble_ws/install/robot_core/bin'
[13.737s] Level 1:colcon.colcon_core.environment:checking '/home/cat/ros2_humble_ws/install/robot_core/lib/pkgconfig/robot_core.pc'
[13.739s] Level 1:colcon.colcon_core.environment:checking '/home/cat/ros2_humble_ws/install/robot_core/lib/python3.10/site-packages'
[13.741s] Level 1:colcon.colcon_core.environment:checking '/home/cat/ros2_humble_ws/install/robot_core/bin'
[13.744s] INFO:colcon.colcon_core.shell:Creating package script '/home/cat/ros2_humble_ws/install/robot_core/share/robot_core/package.ps1'
[13.751s] INFO:colcon.colcon_core.shell:Creating package descriptor '/home/cat/ros2_humble_ws/install/robot_core/share/robot_core/package.dsv'
[13.754s] INFO:colcon.colcon_core.shell:Creating package script '/home/cat/ros2_humble_ws/install/robot_core/share/robot_core/package.sh'
[13.759s] INFO:colcon.colcon_core.shell:Creating package script '/home/cat/ros2_humble_ws/install/robot_core/share/robot_core/package.bash'
[13.763s] INFO:colcon.colcon_core.shell:Creating package script '/home/cat/ros2_humble_ws/install/robot_core/share/robot_core/package.zsh'
[13.768s] Level 1:colcon.colcon_core.environment:create_file_with_runtime_dependencies(/home/cat/ros2_humble_ws/install/robot_core/share/colcon-core/packages/robot_core)
[13.771s] Level 1:colcon.colcon_core.environment:create_environment_scripts_only(robot_core)
[13.773s] Level 1:colcon.colcon_core.environment:checking '/home/cat/ros2_humble_ws/install/robot_core' for CMake module files
[13.775s] Level 1:colcon.colcon_core.environment:checking '/home/cat/ros2_humble_ws/install/robot_core' for CMake config files
[13.776s] Level 1:colcon.colcon_core.shell:create_environment_hook('robot_core', 'cmake_prefix_path')
[13.777s] INFO:colcon.colcon_core.shell:Creating environment hook '/home/cat/ros2_humble_ws/install/robot_core/share/robot_core/hook/cmake_prefix_path.ps1'
[13.779s] INFO:colcon.colcon_core.shell:Creating environment descriptor '/home/cat/ros2_humble_ws/install/robot_core/share/robot_core/hook/cmake_prefix_path.dsv'
[13.781s] INFO:colcon.colcon_core.shell:Creating environment hook '/home/cat/ros2_humble_ws/install/robot_core/share/robot_core/hook/cmake_prefix_path.sh'
[13.784s] Level 1:colcon.colcon_core.environment:checking '/home/cat/ros2_humble_ws/install/robot_core/lib'
[13.785s] Level 1:colcon.colcon_core.environment:checking '/home/cat/ros2_humble_ws/install/robot_core/bin'
[13.785s] Level 1:colcon.colcon_core.environment:checking '/home/cat/ros2_humble_ws/install/robot_core/lib/pkgconfig/robot_core.pc'
[13.786s] Level 1:colcon.colcon_core.environment:checking '/home/cat/ros2_humble_ws/install/robot_core/lib/python3.10/site-packages'
[13.787s] Level 1:colcon.colcon_core.environment:checking '/home/cat/ros2_humble_ws/install/robot_core/bin'
[13.789s] INFO:colcon.colcon_core.shell:Creating package script '/home/cat/ros2_humble_ws/install/robot_core/share/robot_core/package.ps1'
[13.791s] INFO:colcon.colcon_core.shell:Creating package descriptor '/home/cat/ros2_humble_ws/install/robot_core/share/robot_core/package.dsv'
[13.794s] INFO:colcon.colcon_core.shell:Creating package script '/home/cat/ros2_humble_ws/install/robot_core/share/robot_core/package.sh'
[13.797s] INFO:colcon.colcon_core.shell:Creating package script '/home/cat/ros2_humble_ws/install/robot_core/share/robot_core/package.bash'
[13.800s] INFO:colcon.colcon_core.shell:Creating package script '/home/cat/ros2_humble_ws/install/robot_core/share/robot_core/package.zsh'
[13.803s] Level 1:colcon.colcon_core.environment:create_file_with_runtime_dependencies(/home/cat/ros2_humble_ws/install/robot_core/share/colcon-core/packages/robot_core)
[13.806s] DEBUG:colcon.colcon_parallel_executor.executor.parallel:closing loop
[13.807s] DEBUG:colcon.colcon_parallel_executor.executor.parallel:loop closed
[13.808s] DEBUG:colcon.colcon_parallel_executor.executor.parallel:run_until_complete finished with '0'
[13.809s] DEBUG:colcon.colcon_core.event_reactor:joining thread
[13.862s] INFO:colcon.colcon_core.plugin_system:Skipping extension 'colcon_notification.desktop_notification.terminal_notifier': Not used on non-Darwin systems
[13.863s] INFO:colcon.colcon_core.plugin_system:Skipping extension 'colcon_notification.desktop_notification.win32': Not used on non-Windows systems
[13.863s] INFO:colcon.colcon_notification.desktop_notification:Sending desktop notification using 'notify2'
[13.903s] DEBUG:colcon.colcon_core.event_reactor:joined thread
[13.904s] INFO:colcon.colcon_core.shell:Creating prefix script '/home/cat/ros2_humble_ws/install/local_setup.ps1'
[13.909s] INFO:colcon.colcon_core.shell:Creating prefix util module '/home/cat/ros2_humble_ws/install/_local_setup_util_ps1.py'
[13.916s] INFO:colcon.colcon_core.shell:Creating prefix chain script '/home/cat/ros2_humble_ws/install/setup.ps1'
[13.920s] INFO:colcon.colcon_core.shell:Creating prefix script '/home/cat/ros2_humble_ws/install/local_setup.sh'
[13.923s] INFO:colcon.colcon_core.shell:Creating prefix util module '/home/cat/ros2_humble_ws/install/_local_setup_util_sh.py'
[13.926s] INFO:colcon.colcon_core.shell:Creating prefix chain script '/home/cat/ros2_humble_ws/install/setup.sh'
[13.930s] INFO:colcon.colcon_core.shell:Creating prefix script '/home/cat/ros2_humble_ws/install/local_setup.bash'
[13.933s] INFO:colcon.colcon_core.shell:Creating prefix chain script '/home/cat/ros2_humble_ws/install/setup.bash'
[13.937s] INFO:colcon.colcon_core.shell:Creating prefix script '/home/cat/ros2_humble_ws/install/local_setup.zsh'
[13.939s] INFO:colcon.colcon_core.shell:Creating prefix chain script '/home/cat/ros2_humble_ws/install/setup.zsh'
