[0.044s] Invoking command in '/home/cat/ros2_humble_ws/build/robot_core': CMAKE_PREFIX_PATH=${CMAKE_PREFIX_PATH}:/opt/ros/humble /usr/bin/cmake --build /home/cat/ros2_humble_ws/build/robot_core -- -j8 -l8
[0.195s] Invoked command in '/home/cat/ros2_humble_ws/build/robot_core' returned '0': CMAKE_PREFIX_PATH=${CMAKE_PREFIX_PATH}:/opt/ros/humble /usr/bin/cmake --build /home/cat/ros2_humble_ws/build/robot_core -- -j8 -l8
[0.237s] Invoking command in '/home/cat/ros2_humble_ws/build/robot_core': CMAKE_PREFIX_PATH=${CMAKE_PREFIX_PATH}:/opt/ros/humble /usr/bin/cmake --install /home/cat/ros2_humble_ws/build/robot_core
[0.267s] -- Install configuration: ""
[0.268s] -- Up-to-date: /home/cat/ros2_humble_ws/install/robot_core/share/ament_index/resource_index/package_run_dependencies/robot_core
[0.269s] -- Up-to-date: /home/cat/ros2_humble_ws/install/robot_core/share/ament_index/resource_index/parent_prefix_path/robot_core
[0.270s] -- Up-to-date: /home/cat/ros2_humble_ws/install/robot_core/share/robot_core/environment/ament_prefix_path.sh
[0.271s] -- Up-to-date: /home/cat/ros2_humble_ws/install/robot_core/share/robot_core/environment/ament_prefix_path.dsv
[0.273s] -- Up-to-date: /home/cat/ros2_humble_ws/install/robot_core/share/robot_core/environment/path.sh
[0.276s] -- Up-to-date: /home/cat/ros2_humble_ws/install/robot_core/share/robot_core/environment/path.dsv
[0.278s] -- Up-to-date: /home/cat/ros2_humble_ws/install/robot_core/share/robot_core/local_setup.bash
[0.279s] -- Up-to-date: /home/cat/ros2_humble_ws/install/robot_core/share/robot_core/local_setup.sh
[0.281s] -- Up-to-date: /home/cat/ros2_humble_ws/install/robot_core/share/robot_core/local_setup.zsh
[0.283s] -- Up-to-date: /home/cat/ros2_humble_ws/install/robot_core/share/robot_core/local_setup.dsv
[0.284s] -- Installing: /home/cat/ros2_humble_ws/install/robot_core/share/robot_core/package.dsv
[0.285s] -- Up-to-date: /home/cat/ros2_humble_ws/install/robot_core/share/ament_index/resource_index/packages/robot_core
[0.287s] -- Up-to-date: /home/cat/ros2_humble_ws/install/robot_core/share/robot_core/cmake/robot_coreConfig.cmake
[0.288s] -- Up-to-date: /home/cat/ros2_humble_ws/install/robot_core/share/robot_core/cmake/robot_coreConfig-version.cmake
[0.289s] -- Up-to-date: /home/cat/ros2_humble_ws/install/robot_core/share/robot_core/package.xml
[0.290s] Invoked command in '/home/cat/ros2_humble_ws/build/robot_core' returned '0': CMAKE_PREFIX_PATH=${CMAKE_PREFIX_PATH}:/opt/ros/humble /usr/bin/cmake --install /home/cat/ros2_humble_ws/build/robot_core
