-- Found ament_cmake: 1.3.12 (/opt/ros/humble/share/ament_cmake/cmake)
-- Override CMake install command with custom implementation using symlinks instead of copying resources
-- Found rclcpp: 16.0.16 (/opt/ros/humble/share/rclcpp/cmake)
-- Found rosidl_generator_c: 3.1.7 (/opt/ros/humble/share/rosidl_generator_c/cmake)
-- Found rosidl_adapter: 3.1.7 (/opt/ros/humble/share/rosidl_adapter/cmake)
-- Found rosidl_generator_cpp: 3.1.7 (/opt/ros/humble/share/rosidl_generator_cpp/cmake)
-- Using all available rosidl_typesupport_c: rosidl_typesupport_fastrtps_c;rosidl_typesupport_introspection_c
-- Using all available rosidl_typesupport_cpp: rosidl_typesupport_fastrtps_cpp;rosidl_typesupport_introspection_cpp
-- Found rmw_implementation_cmake: 6.1.2 (/opt/ros/humble/share/rmw_implementation_cmake/cmake)
-- Found rmw_fastrtps_cpp: 6.2.9 (/opt/ros/humble/share/rmw_fastrtps_cpp/cmake)
-- Using RMW implementation 'rmw_fastrtps_cpp' as default
-- Found ament_lint_auto: 0.12.14 (/opt/ros/humble/share/ament_lint_auto/cmake)
-- Added test 'cppcheck' to perform static code analysis on C / C++ code
-- Configured cppcheck include dirs: $<BUILD_INTERFACE:/home/cat/ros2_humble_ws/src/robot_core/include>
-- Configured cppcheck exclude dirs and/or files: 
-- Added test 'lint_cmake' to check CMake code style
-- Added test 'uncrustify' to check C / C++ code style
-- Configured uncrustify additional arguments: 
-- Added test 'xmllint' to check XML markup files
-- Configuring done
-- Generating done
-- Build files have been written to: /home/cat/ros2_humble_ws/build/robot_core
[ 50%] [32mBuilding CXX object CMakeFiles/robot_controller.dir/src/robot_controller.cpp.o[0m
[100%] [32m[1mLinking CXX executable robot_controller[0m
[100%] Built target robot_controller
-- Install configuration: ""
-- Execute custom install script
-- Symlinking: /home/cat/ros2_humble_ws/install/robot_core/lib/robot_core/robot_controller
-- Up-to-date symlink: /home/cat/ros2_humble_ws/install/robot_core/share/ament_index/resource_index/package_run_dependencies/robot_core
-- Up-to-date symlink: /home/cat/ros2_humble_ws/install/robot_core/share/ament_index/resource_index/parent_prefix_path/robot_core
-- Up-to-date symlink: /home/cat/ros2_humble_ws/install/robot_core/share/robot_core/environment/ament_prefix_path.sh
-- Up-to-date symlink: /home/cat/ros2_humble_ws/install/robot_core/share/robot_core/environment/ament_prefix_path.dsv
-- Up-to-date symlink: /home/cat/ros2_humble_ws/install/robot_core/share/robot_core/environment/path.sh
-- Up-to-date symlink: /home/cat/ros2_humble_ws/install/robot_core/share/robot_core/environment/path.dsv
-- Up-to-date symlink: /home/cat/ros2_humble_ws/install/robot_core/share/robot_core/local_setup.bash
-- Up-to-date symlink: /home/cat/ros2_humble_ws/install/robot_core/share/robot_core/local_setup.sh
-- Up-to-date symlink: /home/cat/ros2_humble_ws/install/robot_core/share/robot_core/local_setup.zsh
-- Up-to-date symlink: /home/cat/ros2_humble_ws/install/robot_core/share/robot_core/local_setup.dsv
-- Symlinking: /home/cat/ros2_humble_ws/install/robot_core/share/robot_core/package.dsv
-- Up-to-date symlink: /home/cat/ros2_humble_ws/install/robot_core/share/ament_index/resource_index/packages/robot_core
-- Up-to-date symlink: /home/cat/ros2_humble_ws/install/robot_core/share/robot_core/cmake/robot_coreConfig.cmake
-- Up-to-date symlink: /home/cat/ros2_humble_ws/install/robot_core/share/robot_core/cmake/robot_coreConfig-version.cmake
-- Up-to-date symlink: /home/cat/ros2_humble_ws/install/robot_core/share/robot_core/package.xml
