[0.041s] Invoking command in '/home/cat/ros2_humble_ws/build/robot_core': CMAKE_PREFIX_PATH=${CMAKE_PREFIX_PATH}:/opt/ros/humble /usr/bin/cmake --build /home/cat/ros2_humble_ws/build/robot_core -- -j8 -l8
[0.137s] -- Found ament_cmake: 1.3.12 (/opt/ros/humble/share/ament_cmake/cmake)
[0.591s] -- Override CMake install command with custom implementation using symlinks instead of copying resources
[0.630s] -- Found rclcpp: 16.0.16 (/opt/ros/humble/share/rclcpp/cmake)
[0.709s] -- Found rosidl_generator_c: 3.1.7 (/opt/ros/humble/share/rosidl_generator_c/cmake)
[0.715s] -- Found rosidl_adapter: 3.1.7 (/opt/ros/humble/share/rosidl_adapter/cmake)
[0.738s] -- Found rosidl_generator_cpp: 3.1.7 (/opt/ros/humble/share/rosidl_generator_cpp/cmake)
[0.766s] -- Using all available rosidl_typesupport_c: rosidl_typesupport_fastrtps_c;rosidl_typesupport_introspection_c
[0.802s] -- Using all available rosidl_typesupport_cpp: rosidl_typesupport_fastrtps_cpp;rosidl_typesupport_introspection_cpp
[0.900s] -- Found rmw_implementation_cmake: 6.1.2 (/opt/ros/humble/share/rmw_implementation_cmake/cmake)
[0.903s] -- Found rmw_fastrtps_cpp: 6.2.9 (/opt/ros/humble/share/rmw_fastrtps_cpp/cmake)
[1.110s] -- Using RMW implementation 'rmw_fastrtps_cpp' as default
[1.262s] -- Found ament_lint_auto: 0.12.14 (/opt/ros/humble/share/ament_lint_auto/cmake)
[1.541s] -- Added test 'cppcheck' to perform static code analysis on C / C++ code
[1.543s] -- Configured cppcheck include dirs: $<BUILD_INTERFACE:/home/cat/ros2_humble_ws/src/robot_core/include>
[1.545s] -- Configured cppcheck exclude dirs and/or files: 
[1.549s] -- Added test 'lint_cmake' to check CMake code style
[1.550s] -- Added test 'uncrustify' to check C / C++ code style
[1.551s] -- Configured uncrustify additional arguments: 
[1.551s] -- Added test 'xmllint' to check XML markup files
[1.553s] -- Configuring done
[1.581s] -- Generating done
[1.592s] -- Build files have been written to: /home/cat/ros2_humble_ws/build/robot_core
[1.683s] [35m[1mConsolidate compiler generated dependencies of target robot_controller[0m
[1.727s] [ 50%] Built target robot_controller
[1.736s] [ 75%] [32mBuilding CXX object CMakeFiles/can_interface.dir/src/can_interface.cpp.o[0m
[1.851s] [100%] [32m[1mLinking CXX executable can_interface[0m
[2.126s] [100%] Built target can_interface
[2.186s] Invoked command in '/home/cat/ros2_humble_ws/build/robot_core' returned '0': CMAKE_PREFIX_PATH=${CMAKE_PREFIX_PATH}:/opt/ros/humble /usr/bin/cmake --build /home/cat/ros2_humble_ws/build/robot_core -- -j8 -l8
[2.227s] Invoking command in '/home/cat/ros2_humble_ws/build/robot_core': CMAKE_PREFIX_PATH=${CMAKE_PREFIX_PATH}:/opt/ros/humble /usr/bin/cmake --install /home/cat/ros2_humble_ws/build/robot_core
[2.254s] -- Install configuration: ""
[2.256s] -- Execute custom install script
[2.257s] -- Up-to-date symlink: /home/cat/ros2_humble_ws/install/robot_core/lib/robot_core/robot_controller
[2.258s] -- Symlinking: /home/cat/ros2_humble_ws/install/robot_core/lib/robot_core/can_interface
[2.291s] -- Up-to-date symlink: /home/cat/ros2_humble_ws/install/robot_core/share/ament_index/resource_index/package_run_dependencies/robot_core
[2.292s] -- Up-to-date symlink: /home/cat/ros2_humble_ws/install/robot_core/share/ament_index/resource_index/parent_prefix_path/robot_core
[2.293s] -- Up-to-date symlink: /home/cat/ros2_humble_ws/install/robot_core/share/robot_core/environment/ament_prefix_path.sh
[2.293s] -- Up-to-date symlink: /home/cat/ros2_humble_ws/install/robot_core/share/robot_core/environment/ament_prefix_path.dsv
[2.294s] -- Up-to-date symlink: /home/cat/ros2_humble_ws/install/robot_core/share/robot_core/environment/path.sh
[2.295s] -- Up-to-date symlink: /home/cat/ros2_humble_ws/install/robot_core/share/robot_core/environment/path.dsv
[2.296s] -- Up-to-date symlink: /home/cat/ros2_humble_ws/install/robot_core/share/robot_core/local_setup.bash
[2.296s] -- Up-to-date symlink: /home/cat/ros2_humble_ws/install/robot_core/share/robot_core/local_setup.sh
[2.297s] -- Up-to-date symlink: /home/cat/ros2_humble_ws/install/robot_core/share/robot_core/local_setup.zsh
[2.298s] -- Up-to-date symlink: /home/cat/ros2_humble_ws/install/robot_core/share/robot_core/local_setup.dsv
[2.299s] -- Symlinking: /home/cat/ros2_humble_ws/install/robot_core/share/robot_core/package.dsv
[2.335s] -- Up-to-date symlink: /home/cat/ros2_humble_ws/install/robot_core/share/ament_index/resource_index/packages/robot_core
[2.336s] -- Up-to-date symlink: /home/cat/ros2_humble_ws/install/robot_core/share/robot_core/cmake/robot_coreConfig.cmake
[2.337s] -- Up-to-date symlink: /home/cat/ros2_humble_ws/install/robot_core/share/robot_core/cmake/robot_coreConfig-version.cmake
[2.337s] -- Up-to-date symlink: /home/cat/ros2_humble_ws/install/robot_core/share/robot_core/package.xml
[2.346s] Invoked command in '/home/cat/ros2_humble_ws/build/robot_core' returned '0': CMAKE_PREFIX_PATH=${CMAKE_PREFIX_PATH}:/opt/ros/humble /usr/bin/cmake --install /home/cat/ros2_humble_ws/build/robot_core
