-- Found ament_cmake: 1.3.12 (/opt/ros/humble/share/ament_cmake/cmake)
-- Override CMake install command with custom implementation using symlinks instead of copying resources
-- Found ament_lint_auto: 0.12.14 (/opt/ros/humble/share/ament_lint_auto/cmake)
-- Added test 'cppcheck' to perform static code analysis on C / C++ code
-- Configured cppcheck include dirs: 
-- Configured cppcheck exclude dirs and/or files: 
-- Added test 'flake8' to check Python code syntax and style conventions
-- Added test 'lint_cmake' to check CMake code style
-- Added test 'pep257' to check Python code against some of the docstring style conventions in PEP 257
-- Added test 'uncrustify' to check C / C++ code style
-- Configured uncrustify additional arguments: 
-- Added test 'xmllint' to check XML markup files
-- Configuring done
-- Generating done
-- Build files have been written to: /home/cat/ros2_humble_ws/build/robot_core
-- Install configuration: ""
-- Execute custom install script
-- Up-to-date symlink: /home/cat/ros2_humble_ws/install/robot_core/share/ament_index/resource_index/package_run_dependencies/robot_core
-- Up-to-date symlink: /home/cat/ros2_humble_ws/install/robot_core/share/ament_index/resource_index/parent_prefix_path/robot_core
-- Up-to-date symlink: /home/cat/ros2_humble_ws/install/robot_core/share/robot_core/environment/ament_prefix_path.sh
-- Up-to-date symlink: /home/cat/ros2_humble_ws/install/robot_core/share/robot_core/environment/ament_prefix_path.dsv
-- Up-to-date symlink: /home/cat/ros2_humble_ws/install/robot_core/share/robot_core/environment/path.sh
-- Up-to-date symlink: /home/cat/ros2_humble_ws/install/robot_core/share/robot_core/environment/path.dsv
-- Up-to-date symlink: /home/cat/ros2_humble_ws/install/robot_core/share/robot_core/local_setup.bash
-- Up-to-date symlink: /home/cat/ros2_humble_ws/install/robot_core/share/robot_core/local_setup.sh
-- Up-to-date symlink: /home/cat/ros2_humble_ws/install/robot_core/share/robot_core/local_setup.zsh
-- Up-to-date symlink: /home/cat/ros2_humble_ws/install/robot_core/share/robot_core/local_setup.dsv
-- Symlinking: /home/cat/ros2_humble_ws/install/robot_core/share/robot_core/package.dsv
-- Up-to-date symlink: /home/cat/ros2_humble_ws/install/robot_core/share/ament_index/resource_index/packages/robot_core
-- Up-to-date symlink: /home/cat/ros2_humble_ws/install/robot_core/share/robot_core/cmake/robot_coreConfig.cmake
-- Up-to-date symlink: /home/cat/ros2_humble_ws/install/robot_core/share/robot_core/cmake/robot_coreConfig-version.cmake
-- Up-to-date symlink: /home/cat/ros2_humble_ws/install/robot_core/share/robot_core/package.xml
