[0.438s] DEBUG:colcon:Command line arguments: ['/usr/bin/colcon', 'build']
[0.439s] DEBUG:colcon:Parsed command line arguments: Namespace(log_base=None, log_level=None, verb_name='build', build_base='build', install_base='install', merge_install=False, symlink_install=False, test_result_base=None, continue_on_error=False, executor='parallel', parallel_workers=8, event_handlers=None, ignore_user_meta=False, metas=['./colcon.meta'], base_paths=['.'], packages_ignore=None, packages_ignore_regex=None, paths=None, packages_up_to=None, packages_up_to_regex=None, packages_above=None, packages_above_and_dependencies=None, packages_above_depth=None, packages_select_by_dep=None, packages_skip_by_dep=None, packages_skip_up_to=None, packages_select_build_failed=False, packages_skip_build_finished=False, packages_select_test_failures=False, packages_skip_test_passed=False, packages_select=None, packages_skip=None, packages_select_regex=None, packages_skip_regex=None, packages_start=None, packages_end=None, allow_overriding=[], cmake_args=None, cmake_target=None, cmake_target_skip_unavailable=False, cmake_clean_cache=False, cmake_clean_first=False, cmake_force_configure=False, ament_cmake_args=None, catkin_cmake_args=None, catkin_skip_building_tests=False, verb_parser=<colcon_defaults.argument_parser.defaults.DefaultArgumentsDecorator object at 0x7fa220b400>, verb_extension=<colcon_core.verb.build.BuildVerb object at 0x7fa23f08b0>, main=<bound method BuildVerb.main of <colcon_core.verb.build.BuildVerb object at 0x7fa23f08b0>>)
[1.130s] Level 1:colcon.colcon_core.package_discovery:discover_packages(colcon_meta) check parameters
[1.130s] Level 1:colcon.colcon_core.package_discovery:discover_packages(recursive) check parameters
[1.130s] Level 1:colcon.colcon_core.package_discovery:discover_packages(ignore) check parameters
[1.130s] Level 1:colcon.colcon_core.package_discovery:discover_packages(path) check parameters
[1.131s] Level 1:colcon.colcon_core.package_discovery:discover_packages(colcon_meta) discover
[1.131s] Level 1:colcon.colcon_core.package_discovery:discover_packages(recursive) discover
[1.131s] INFO:colcon.colcon_core.package_discovery:Crawling recursively for packages in '/home/cat/ros2_humble_ws'
[1.132s] Level 1:colcon.colcon_core.package_identification:_identify(.) by extensions ['ignore', 'ignore_ament_install']
[1.132s] Level 1:colcon.colcon_core.package_identification:_identify(.) by extension 'ignore'
[1.132s] Level 1:colcon.colcon_core.package_identification:_identify(.) by extension 'ignore_ament_install'
[1.133s] Level 1:colcon.colcon_core.package_identification:_identify(.) by extensions ['colcon_pkg']
[1.133s] Level 1:colcon.colcon_core.package_identification:_identify(.) by extension 'colcon_pkg'
[1.133s] Level 1:colcon.colcon_core.package_identification:_identify(.) by extensions ['colcon_meta']
[1.133s] Level 1:colcon.colcon_core.package_identification:_identify(.) by extension 'colcon_meta'
[1.133s] Level 1:colcon.colcon_core.package_identification:_identify(.) by extensions ['ros']
[1.134s] Level 1:colcon.colcon_core.package_identification:_identify(.) by extension 'ros'
[1.179s] Level 1:colcon.colcon_core.package_identification:_identify(.) by extensions ['cmake', 'python']
[1.180s] Level 1:colcon.colcon_core.package_identification:_identify(.) by extension 'cmake'
[1.180s] Level 1:colcon.colcon_core.package_identification:_identify(.) by extension 'python'
[1.180s] Level 1:colcon.colcon_core.package_identification:_identify(.) by extensions ['python_setup_py']
[1.181s] Level 1:colcon.colcon_core.package_identification:_identify(.) by extension 'python_setup_py'
[1.181s] Level 1:colcon.colcon_core.package_identification:_identify(build) by extensions ['ignore', 'ignore_ament_install']
[1.182s] Level 1:colcon.colcon_core.package_identification:_identify(build) by extension 'ignore'
[1.182s] Level 1:colcon.colcon_core.package_identification:_identify(build) ignored
[1.182s] Level 1:colcon.colcon_core.package_identification:_identify(install) by extensions ['ignore', 'ignore_ament_install']
[1.183s] Level 1:colcon.colcon_core.package_identification:_identify(install) by extension 'ignore'
[1.183s] Level 1:colcon.colcon_core.package_identification:_identify(install) ignored
[1.184s] Level 1:colcon.colcon_core.package_identification:_identify(log) by extensions ['ignore', 'ignore_ament_install']
[1.184s] Level 1:colcon.colcon_core.package_identification:_identify(log) by extension 'ignore'
[1.184s] Level 1:colcon.colcon_core.package_identification:_identify(log) ignored
[1.185s] Level 1:colcon.colcon_core.package_identification:_identify(msg) by extensions ['ignore', 'ignore_ament_install']
[1.185s] Level 1:colcon.colcon_core.package_identification:_identify(msg) by extension 'ignore'
[1.186s] Level 1:colcon.colcon_core.package_identification:_identify(msg) by extension 'ignore_ament_install'
[1.186s] Level 1:colcon.colcon_core.package_identification:_identify(msg) by extensions ['colcon_pkg']
[1.186s] Level 1:colcon.colcon_core.package_identification:_identify(msg) by extension 'colcon_pkg'
[1.186s] Level 1:colcon.colcon_core.package_identification:_identify(msg) by extensions ['colcon_meta']
[1.187s] Level 1:colcon.colcon_core.package_identification:_identify(msg) by extension 'colcon_meta'
[1.187s] Level 1:colcon.colcon_core.package_identification:_identify(msg) by extensions ['ros']
[1.187s] Level 1:colcon.colcon_core.package_identification:_identify(msg) by extension 'ros'
[1.187s] Level 1:colcon.colcon_core.package_identification:_identify(msg) by extensions ['cmake', 'python']
[1.187s] Level 1:colcon.colcon_core.package_identification:_identify(msg) by extension 'cmake'
[1.188s] Level 1:colcon.colcon_core.package_identification:_identify(msg) by extension 'python'
[1.188s] Level 1:colcon.colcon_core.package_identification:_identify(msg) by extensions ['python_setup_py']
[1.188s] Level 1:colcon.colcon_core.package_identification:_identify(msg) by extension 'python_setup_py'
[1.189s] Level 1:colcon.colcon_core.package_identification:_identify(src) by extensions ['ignore', 'ignore_ament_install']
[1.189s] Level 1:colcon.colcon_core.package_identification:_identify(src) by extension 'ignore'
[1.189s] Level 1:colcon.colcon_core.package_identification:_identify(src) by extension 'ignore_ament_install'
[1.190s] Level 1:colcon.colcon_core.package_identification:_identify(src) by extensions ['colcon_pkg']
[1.190s] Level 1:colcon.colcon_core.package_identification:_identify(src) by extension 'colcon_pkg'
[1.190s] Level 1:colcon.colcon_core.package_identification:_identify(src) by extensions ['colcon_meta']
[1.190s] Level 1:colcon.colcon_core.package_identification:_identify(src) by extension 'colcon_meta'
[1.191s] Level 1:colcon.colcon_core.package_identification:_identify(src) by extensions ['ros']
[1.191s] Level 1:colcon.colcon_core.package_identification:_identify(src) by extension 'ros'
[1.191s] Level 1:colcon.colcon_core.package_identification:_identify(src) by extensions ['cmake', 'python']
[1.191s] Level 1:colcon.colcon_core.package_identification:_identify(src) by extension 'cmake'
[1.191s] Level 1:colcon.colcon_core.package_identification:_identify(src) by extension 'python'
[1.192s] Level 1:colcon.colcon_core.package_identification:_identify(src) by extensions ['python_setup_py']
[1.192s] Level 1:colcon.colcon_core.package_identification:_identify(src) by extension 'python_setup_py'
[1.192s] Level 1:colcon.colcon_core.package_identification:_identify(src/robot_core) by extensions ['ignore', 'ignore_ament_install']
[1.193s] Level 1:colcon.colcon_core.package_identification:_identify(src/robot_core) by extension 'ignore'
[1.193s] Level 1:colcon.colcon_core.package_identification:_identify(src/robot_core) by extension 'ignore_ament_install'
[1.193s] Level 1:colcon.colcon_core.package_identification:_identify(src/robot_core) by extensions ['colcon_pkg']
[1.194s] Level 1:colcon.colcon_core.package_identification:_identify(src/robot_core) by extension 'colcon_pkg'
[1.194s] Level 1:colcon.colcon_core.package_identification:_identify(src/robot_core) by extensions ['colcon_meta']
[1.194s] Level 1:colcon.colcon_core.package_identification:_identify(src/robot_core) by extension 'colcon_meta'
[1.194s] Level 1:colcon.colcon_core.package_identification:_identify(src/robot_core) by extensions ['ros']
[1.194s] Level 1:colcon.colcon_core.package_identification:_identify(src/robot_core) by extension 'ros'
[1.204s] DEBUG:colcon.colcon_core.package_identification:Package 'src/robot_core' with type 'ros.ament_cmake' and name 'robot_core'
[1.205s] Level 1:colcon.colcon_core.package_discovery:discover_packages(recursive) using defaults
[1.205s] Level 1:colcon.colcon_core.package_discovery:discover_packages(ignore) discover
[1.205s] Level 1:colcon.colcon_core.package_discovery:discover_packages(ignore) using defaults
[1.205s] Level 1:colcon.colcon_core.package_discovery:discover_packages(path) discover
[1.205s] Level 1:colcon.colcon_core.package_discovery:discover_packages(path) using defaults
[1.281s] Level 1:colcon.colcon_core.package_discovery:discover_packages(prefix_path) check parameters
[1.282s] Level 1:colcon.colcon_core.package_discovery:discover_packages(prefix_path) discover
[1.291s] DEBUG:colcon.colcon_installed_package_information.package_discovery:Found 272 installed packages in /opt/ros/humble
[1.301s] Level 1:colcon.colcon_core.package_discovery:discover_packages(prefix_path) using defaults
[1.509s] Level 5:colcon.colcon_core.verb:set package 'robot_core' build argument 'cmake_args' from command line to 'None'
[1.509s] Level 5:colcon.colcon_core.verb:set package 'robot_core' build argument 'cmake_target' from command line to 'None'
[1.509s] Level 5:colcon.colcon_core.verb:set package 'robot_core' build argument 'cmake_target_skip_unavailable' from command line to 'False'
[1.509s] Level 5:colcon.colcon_core.verb:set package 'robot_core' build argument 'cmake_clean_cache' from command line to 'False'
[1.510s] Level 5:colcon.colcon_core.verb:set package 'robot_core' build argument 'cmake_clean_first' from command line to 'False'
[1.510s] Level 5:colcon.colcon_core.verb:set package 'robot_core' build argument 'cmake_force_configure' from command line to 'False'
[1.510s] Level 5:colcon.colcon_core.verb:set package 'robot_core' build argument 'ament_cmake_args' from command line to 'None'
[1.510s] Level 5:colcon.colcon_core.verb:set package 'robot_core' build argument 'catkin_cmake_args' from command line to 'None'
[1.510s] Level 5:colcon.colcon_core.verb:set package 'robot_core' build argument 'catkin_skip_building_tests' from command line to 'False'
[1.510s] DEBUG:colcon.colcon_core.verb:Building package 'robot_core' with the following arguments: {'ament_cmake_args': None, 'build_base': '/home/cat/ros2_humble_ws/build/robot_core', 'catkin_cmake_args': None, 'catkin_skip_building_tests': False, 'cmake_args': None, 'cmake_clean_cache': False, 'cmake_clean_first': False, 'cmake_force_configure': False, 'cmake_target': None, 'cmake_target_skip_unavailable': False, 'install_base': '/home/cat/ros2_humble_ws/install/robot_core', 'merge_install': False, 'path': '/home/cat/ros2_humble_ws/src/robot_core', 'symlink_install': False, 'test_result_base': None}
[1.511s] INFO:colcon.colcon_core.executor:Executing jobs using 'parallel' executor
[1.514s] DEBUG:colcon.colcon_parallel_executor.executor.parallel:run_until_complete
[1.516s] INFO:colcon.colcon_ros.task.ament_cmake.build:Building ROS package in '/home/cat/ros2_humble_ws/src/robot_core' with build type 'ament_cmake'
[1.516s] INFO:colcon.colcon_cmake.task.cmake.build:Building CMake package in '/home/cat/ros2_humble_ws/src/robot_core'
[1.525s] INFO:colcon.colcon_core.plugin_system:Skipping extension 'colcon_core.shell.bat': Not used on non-Windows systems
[1.526s] INFO:colcon.colcon_core.shell:Skip shell extension 'powershell' for command environment: Not usable outside of PowerShell
[1.526s] DEBUG:colcon.colcon_core.shell:Skip shell extension 'dsv' for command environment
[1.557s] DEBUG:colcon.colcon_core.event_handler.log_command:Invoking command in '/home/cat/ros2_humble_ws/build/robot_core': CMAKE_PREFIX_PATH=/opt/ros/humble /usr/bin/cmake --build /home/cat/ros2_humble_ws/build/robot_core -- -j8 -l8
[13.868s] DEBUG:colcon.colcon_core.event_handler.log_command:Invoked command in '/home/cat/ros2_humble_ws/build/robot_core' returned '0': CMAKE_PREFIX_PATH=/opt/ros/humble /usr/bin/cmake --build /home/cat/ros2_humble_ws/build/robot_core -- -j8 -l8
[13.898s] DEBUG:colcon.colcon_core.event_handler.log_command:Invoking command in '/home/cat/ros2_humble_ws/build/robot_core': CMAKE_PREFIX_PATH=/opt/ros/humble /usr/bin/cmake --install /home/cat/ros2_humble_ws/build/robot_core
[13.963s] Level 1:colcon.colcon_core.environment:create_environment_scripts_only(robot_core)
[13.968s] DEBUG:colcon.colcon_core.event_handler.log_command:Invoked command in '/home/cat/ros2_humble_ws/build/robot_core' returned '0': CMAKE_PREFIX_PATH=/opt/ros/humble /usr/bin/cmake --install /home/cat/ros2_humble_ws/build/robot_core
[13.984s] Level 1:colcon.colcon_core.environment:checking '/home/cat/ros2_humble_ws/install/robot_core' for CMake module files
[13.988s] Level 1:colcon.colcon_core.environment:checking '/home/cat/ros2_humble_ws/install/robot_core' for CMake config files
[13.990s] Level 1:colcon.colcon_core.shell:create_environment_hook('robot_core', 'cmake_prefix_path')
[13.992s] INFO:colcon.colcon_core.shell:Creating environment hook '/home/cat/ros2_humble_ws/install/robot_core/share/robot_core/hook/cmake_prefix_path.ps1'
[13.996s] INFO:colcon.colcon_core.shell:Creating environment descriptor '/home/cat/ros2_humble_ws/install/robot_core/share/robot_core/hook/cmake_prefix_path.dsv'
[14.001s] INFO:colcon.colcon_core.shell:Creating environment hook '/home/cat/ros2_humble_ws/install/robot_core/share/robot_core/hook/cmake_prefix_path.sh'
[14.010s] Level 1:colcon.colcon_core.environment:checking '/home/cat/ros2_humble_ws/install/robot_core/lib'
[14.012s] Level 1:colcon.colcon_core.environment:checking '/home/cat/ros2_humble_ws/install/robot_core/bin'
[14.013s] Level 1:colcon.colcon_core.environment:checking '/home/cat/ros2_humble_ws/install/robot_core/lib/pkgconfig/robot_core.pc'
[14.015s] Level 1:colcon.colcon_core.environment:checking '/home/cat/ros2_humble_ws/install/robot_core/lib/python3.10/site-packages'
[14.018s] Level 1:colcon.colcon_core.environment:checking '/home/cat/ros2_humble_ws/install/robot_core/bin'
[14.021s] INFO:colcon.colcon_core.shell:Creating package script '/home/cat/ros2_humble_ws/install/robot_core/share/robot_core/package.ps1'
[14.028s] INFO:colcon.colcon_core.shell:Creating package descriptor '/home/cat/ros2_humble_ws/install/robot_core/share/robot_core/package.dsv'
[14.031s] INFO:colcon.colcon_core.shell:Creating package script '/home/cat/ros2_humble_ws/install/robot_core/share/robot_core/package.sh'
[14.035s] INFO:colcon.colcon_core.shell:Creating package script '/home/cat/ros2_humble_ws/install/robot_core/share/robot_core/package.bash'
[14.039s] INFO:colcon.colcon_core.shell:Creating package script '/home/cat/ros2_humble_ws/install/robot_core/share/robot_core/package.zsh'
[14.044s] Level 1:colcon.colcon_core.environment:create_file_with_runtime_dependencies(/home/cat/ros2_humble_ws/install/robot_core/share/colcon-core/packages/robot_core)
[14.047s] Level 1:colcon.colcon_core.environment:create_environment_scripts_only(robot_core)
[14.048s] Level 1:colcon.colcon_core.environment:checking '/home/cat/ros2_humble_ws/install/robot_core' for CMake module files
[14.051s] Level 1:colcon.colcon_core.environment:checking '/home/cat/ros2_humble_ws/install/robot_core' for CMake config files
[14.052s] Level 1:colcon.colcon_core.shell:create_environment_hook('robot_core', 'cmake_prefix_path')
[14.053s] INFO:colcon.colcon_core.shell:Creating environment hook '/home/cat/ros2_humble_ws/install/robot_core/share/robot_core/hook/cmake_prefix_path.ps1'
[14.055s] INFO:colcon.colcon_core.shell:Creating environment descriptor '/home/cat/ros2_humble_ws/install/robot_core/share/robot_core/hook/cmake_prefix_path.dsv'
[14.057s] INFO:colcon.colcon_core.shell:Creating environment hook '/home/cat/ros2_humble_ws/install/robot_core/share/robot_core/hook/cmake_prefix_path.sh'
[14.061s] Level 1:colcon.colcon_core.environment:checking '/home/cat/ros2_humble_ws/install/robot_core/lib'
[14.062s] Level 1:colcon.colcon_core.environment:checking '/home/cat/ros2_humble_ws/install/robot_core/bin'
[14.063s] Level 1:colcon.colcon_core.environment:checking '/home/cat/ros2_humble_ws/install/robot_core/lib/pkgconfig/robot_core.pc'
[14.064s] Level 1:colcon.colcon_core.environment:checking '/home/cat/ros2_humble_ws/install/robot_core/lib/python3.10/site-packages'
[14.066s] Level 1:colcon.colcon_core.environment:checking '/home/cat/ros2_humble_ws/install/robot_core/bin'
[14.067s] INFO:colcon.colcon_core.shell:Creating package script '/home/cat/ros2_humble_ws/install/robot_core/share/robot_core/package.ps1'
[14.070s] INFO:colcon.colcon_core.shell:Creating package descriptor '/home/cat/ros2_humble_ws/install/robot_core/share/robot_core/package.dsv'
[14.074s] INFO:colcon.colcon_core.shell:Creating package script '/home/cat/ros2_humble_ws/install/robot_core/share/robot_core/package.sh'
[14.077s] INFO:colcon.colcon_core.shell:Creating package script '/home/cat/ros2_humble_ws/install/robot_core/share/robot_core/package.bash'
[14.080s] INFO:colcon.colcon_core.shell:Creating package script '/home/cat/ros2_humble_ws/install/robot_core/share/robot_core/package.zsh'
[14.083s] Level 1:colcon.colcon_core.environment:create_file_with_runtime_dependencies(/home/cat/ros2_humble_ws/install/robot_core/share/colcon-core/packages/robot_core)
[14.085s] DEBUG:colcon.colcon_parallel_executor.executor.parallel:closing loop
[14.087s] DEBUG:colcon.colcon_parallel_executor.executor.parallel:loop closed
[14.087s] DEBUG:colcon.colcon_parallel_executor.executor.parallel:run_until_complete finished with '0'
[14.102s] DEBUG:colcon.colcon_core.event_reactor:joining thread
[14.155s] INFO:colcon.colcon_core.plugin_system:Skipping extension 'colcon_notification.desktop_notification.terminal_notifier': Not used on non-Darwin systems
[14.156s] INFO:colcon.colcon_core.plugin_system:Skipping extension 'colcon_notification.desktop_notification.win32': Not used on non-Windows systems
[14.156s] INFO:colcon.colcon_notification.desktop_notification:Sending desktop notification using 'notify2'
[14.215s] DEBUG:colcon.colcon_core.event_reactor:joined thread
[14.216s] INFO:colcon.colcon_core.shell:Creating prefix script '/home/cat/ros2_humble_ws/install/local_setup.ps1'
[14.220s] INFO:colcon.colcon_core.shell:Creating prefix util module '/home/cat/ros2_humble_ws/install/_local_setup_util_ps1.py'
[14.227s] INFO:colcon.colcon_core.shell:Creating prefix chain script '/home/cat/ros2_humble_ws/install/setup.ps1'
[14.230s] INFO:colcon.colcon_core.shell:Creating prefix script '/home/cat/ros2_humble_ws/install/local_setup.sh'
[14.232s] INFO:colcon.colcon_core.shell:Creating prefix util module '/home/cat/ros2_humble_ws/install/_local_setup_util_sh.py'
[14.234s] INFO:colcon.colcon_core.shell:Creating prefix chain script '/home/cat/ros2_humble_ws/install/setup.sh'
[14.238s] INFO:colcon.colcon_core.shell:Creating prefix script '/home/cat/ros2_humble_ws/install/local_setup.bash'
[14.240s] INFO:colcon.colcon_core.shell:Creating prefix chain script '/home/cat/ros2_humble_ws/install/setup.bash'
[14.243s] INFO:colcon.colcon_core.shell:Creating prefix script '/home/cat/ros2_humble_ws/install/local_setup.zsh'
[14.246s] INFO:colcon.colcon_core.shell:Creating prefix chain script '/home/cat/ros2_humble_ws/install/setup.zsh'
